c:\users\student\desktop\game_0510\game\debug\game.pch
c:\users\student\desktop\game_0510\game\debug\vc141.pdb
c:\users\student\desktop\game_0510\game\debug\vc141.idb
c:\users\student\desktop\game_0510\game\debug\stdafx.obj
c:\users\student\desktop\game_0510\game\debug\directrender.obj
c:\users\student\desktop\game_0510\game\debug\directinput.obj
c:\users\student\desktop\game_0510\game\debug\directrendercomponent.obj
c:\users\student\desktop\game_0510\game\debug\polygon.obj
c:\users\student\desktop\game_0510\game\debug\basescene.obj
c:\users\student\desktop\game_0510\game\debug\collisioncomponent.obj
c:\users\student\desktop\game_0510\game\debug\collisionengine.obj
c:\users\student\desktop\game_0510\game\debug\gameengine.obj
c:\users\student\desktop\game_0510\game\debug\gameobject.obj
c:\users\student\desktop\game_0510\game\debug\camera.obj
c:\users\student\desktop\game_0510\game\debug\inputengine.obj
c:\users\student\desktop\game_0510\game\debug\rendercomponent.obj
c:\users\student\desktop\game_0510\game\debug\renderengine.obj
c:\users\student\desktop\game_0510\game\debug\sceneengine.obj
c:\users\student\desktop\game_0510\game\debug\transform.obj
c:\users\student\desktop\game_0510\game\debug\game.obj
c:\users\student\desktop\game_0510\game\debug\quaternion.obj
c:\users\student\desktop\game_0510\game\debug\vector.obj
c:\users\student\desktop\game_0510\debug\game.ilk
c:\users\student\desktop\game_0510\debug\game.exe
c:\users\student\desktop\game_0510\debug\game.pdb
c:\users\student\desktop\game_0510\game\debug\game.res
c:\users\student\desktop\game_0512\game\debug\basescene.obj
c:\users\student\desktop\game_0512\game\debug\camera.obj
c:\users\student\desktop\game_0512\game\debug\collisioncomponent.obj
c:\users\student\desktop\game_0512\game\debug\collisionengine.obj
c:\users\student\desktop\game_0512\game\debug\directinput.obj
c:\users\student\desktop\game_0512\game\debug\directrender.obj
c:\users\student\desktop\game_0512\game\debug\directrendercomponent.obj
c:\users\student\desktop\game_0512\game\debug\game.obj
c:\users\student\desktop\game_0512\game\debug\gameengine.obj
c:\users\student\desktop\game_0512\game\debug\gameobject.obj
c:\users\student\desktop\game_0512\game\debug\inputengine.obj
c:\users\student\desktop\game_0512\game\debug\polygon.obj
c:\users\student\desktop\game_0512\game\debug\quaternion.obj
c:\users\student\desktop\game_0512\game\debug\rendercomponent.obj
c:\users\student\desktop\game_0512\game\debug\renderengine.obj
c:\users\student\desktop\game_0512\game\debug\sceneengine.obj
c:\users\student\desktop\game_0512\game\debug\stdafx.obj
c:\users\student\desktop\game_0512\game\debug\transform.obj
c:\users\student\desktop\game_0512\game\debug\vector.obj
c:\users\student\desktop\game_0512\game\debug\game.res
c:\users\student\desktop\game_0512\game\debug\game.pch
c:\users\student\desktop\game_0512\game\debug\vc141.idb
c:\users\student\desktop\game_0512\game\debug\vc141.pdb
c:\users\student\desktop\game_0512\debug\game.pdb
c:\users\student\desktop\game_0512\debug\game.exe
c:\users\student\desktop\game_0512\debug\game.ilk
c:\users\student\desktop\game_0512\game\debug\game.tlog\cl.command.1.tlog
c:\users\student\desktop\game_0512\game\debug\game.tlog\cl.read.1.tlog
c:\users\student\desktop\game_0512\game\debug\game.tlog\cl.write.1.tlog
c:\users\student\desktop\game_0512\game\debug\game.tlog\link.command.1.tlog
c:\users\student\desktop\game_0512\game\debug\game.tlog\link.read.1.tlog
c:\users\student\desktop\game_0512\game\debug\game.tlog\link.write.1.tlog
c:\users\student\desktop\game_0512\game\debug\game.tlog\rc.command.1.tlog
c:\users\student\desktop\game_0512\game\debug\game.tlog\rc.read.1.tlog
c:\users\student\desktop\game_0512\game\debug\game.tlog\rc.write.1.tlog
